ERROR:root:El nombre de la campaña es demasiado largo
ERROR:root:El subtipo otro no es válido para el formato Video
ERROR:root:sub_tipo no válido
ERROR:root:sub_tipo no válido
ERROR:root:El nombre de la campaña es demasiado largo
ERROR:root:El subtipo kk no es válido para el formato Video
ERROR:root:El subtipo c:/users/marely/appdata/local/programs/python/python312/python.exe "c:/users/marely/onedrive/documentos/bootcamp python - sence/modulo 4.- python avanzado/4.- manejo de errores y archivos/dia 14 - prueba entrega/prueba/demo.py" no es válido para el formato Video
ERROR:root:El subtipo k no es válido para el formato Video
ERROR:root:El subtipo c:/users/marely/appdata/local/programs/python/python312/python.exe "c:/users/marely/onedrive/documentos/bootcamp python - sence/modulo 4.- python avanzado/4.- manejo de errores y archivos/dia 14 - prueba entrega/prueba/demo.py" no es válido para el formato Video
ERROR:root:El subtipo c:/users/marely/appdata/local/programs/python/python312/python.exe "c:/users/marely/onedrive/documentos/bootcamp python - sence/modulo 4.- python avanzado/4.- manejo de errores y archivos/dia 14 - prueba entrega/prueba/demo.py" no es válido para el formato Video
ERROR:root:El subtipo otro no es válido para el formato Video
ERROR:root:El subtipo  no es válido para el formato Video
ERROR:root:El subtipo c:/users/marely/appdata/local/programs/python/python312/python.exe "c:/users/marely/onedrive/documentos/bootcamp python - sence/modulo 4.- python avanzado/4.- manejo de errores y archivos/dia 14 - prueba entrega/prueba/demo.py" no es válido para el formato Video
ERROR:root:El subtipo c:/users/marely/appdata/local/programs/python/python312/python.exe "c:/users/marely/onedrive/documentos/bootcamp python - sence/modulo 4.- python avanzado/4.- manejo de errores y archivos/dia 14 - prueba entrega/prueba/anuncio.py" no es válido para el formato Video
ERROR:root:El subtipo uu no es válido para el formato Video
ERROR:root:El subtipo m no es válido para el formato Video
ERROR:root:El subtipo  no es válido para el formato Video
ERROR:root:El subtipo  no es válido para el formato Video
ERROR:root:El subtipo c:/users/marely/appdata/local/programs/python/python312/python.exe "c:/users/marely/onedrive/documentos/bootcamp python - sence/modulo 4.- python avanzado/4.- manejo de errores y archivos/dia 14 - prueba entrega/prueba/campaña.py" no es válido para el formato Video
ERROR:root:El subtipo c:/users/marely/appdata/local/programs/python/python312/python.exe "c:/users/marely/onedrive/documentos/bootcamp python - sence/modulo 4.- python avanzado/4.- manejo de errores y archivos/dia 14 - prueba entrega/prueba/demo.py" no es válido para el formato Video
ERROR:root:El subtipo  no es válido para el formato Video
ERROR:root:El subtipo c:/users/marely/appdata/local/programs/python/python312/python.exe "c:/users/marely/onedrive/documentos/bootcamp python - sence/modulo 4.- python avanzado/4.- manejo de errores y archivos/dia 14 - prueba entrega/prueba/demo.py" no es válido para el formato Video
ERROR:root:El subtipo  no es válido para el formato Video
ERROR:root:El subtipo n no es válido para el formato Video
ERROR:root:El subtipo , no es válido para el formato Video
ERROR:root:El subtipo  no es válido para el formato Video
ERROR:root:El subtipo  no es válido para el formato Video
ERROR:root:El subtipo r no es válido para el formato Video
ERROR:root:El subtipo otro no es válido para el formato Video
